Release 14.7 - xst P.20131013 (lin64)
Copyright (c) 1995-2013 Xilinx, Inc.  All rights reserved.
--> 
Parameter TMPDIR set to xst/projnav.tmp


Total REAL time to Xst completion: 0.00 secs
Total CPU time to Xst completion: 0.02 secs
 
--> 
Parameter xsthdpdir set to xst


Total REAL time to Xst completion: 0.00 secs
Total CPU time to Xst completion: 0.03 secs
 
--> 
Reading design: instructionset.prj

TABLE OF CONTENTS
  1) Synthesis Options Summary
  2) HDL Parsing
  3) HDL Elaboration
  4) HDL Synthesis
       4.1) HDL Synthesis Report
  5) Advanced HDL Synthesis
       5.1) Advanced HDL Synthesis Report
  6) Low Level Synthesis
  7) Partition Report
  8) Design Summary
       8.1) Primitive and Black Box Usage
       8.2) Device utilization summary
       8.3) Partition Resource Summary
       8.4) Timing Report
            8.4.1) Clock Information
            8.4.2) Asynchronous Control Signals Information
            8.4.3) Timing Summary
            8.4.4) Timing Details
            8.4.5) Cross Clock Domains Report


=========================================================================
*                      Synthesis Options Summary                        *
=========================================================================
---- Source Parameters
Input File Name                    : "instructionset.prj"
Ignore Synthesis Constraint File   : NO

---- Target Parameters
Output File Name                   : "instructionset"
Output Format                      : NGC
Target Device                      : xc7a100t-3-csg324

---- Source Options
Top Module Name                    : instructionset
Automatic FSM Extraction           : YES
FSM Encoding Algorithm             : Auto
Safe Implementation                : No
FSM Style                          : LUT
RAM Extraction                     : Yes
RAM Style                          : Auto
ROM Extraction                     : Yes
Shift Register Extraction          : YES
ROM Style                          : Auto
Resource Sharing                   : YES
Asynchronous To Synchronous        : NO
Shift Register Minimum Size        : 2
Use DSP Block                      : Auto
Automatic Register Balancing       : No

---- Target Options
LUT Combining                      : Auto
Reduce Control Sets                : Auto
Add IO Buffers                     : YES
Global Maximum Fanout              : 100000
Add Generic Clock Buffer(BUFG)     : 32
Register Duplication               : YES
Optimize Instantiated Primitives   : NO
Use Clock Enable                   : Auto
Use Synchronous Set                : Auto
Use Synchronous Reset              : Auto
Pack IO Registers into IOBs        : Auto
Equivalent register Removal        : YES

---- General Options
Optimization Goal                  : Speed
Optimization Effort                : 1
Power Reduction                    : NO
Keep Hierarchy                     : No
Netlist Hierarchy                  : As_Optimized
RTL Output                         : Yes
Global Optimization                : AllClockNets
Read Cores                         : YES
Write Timing Constraints           : NO
Cross Clock Analysis               : NO
Hierarchy Separator                : /
Bus Delimiter                      : <>
Case Specifier                     : Maintain
Slice Utilization Ratio            : 100
BRAM Utilization Ratio             : 100
DSP48 Utilization Ratio            : 100
Auto BRAM Packing                  : NO
Slice Utilization Ratio Delta      : 5

=========================================================================


=========================================================================
*                          HDL Parsing                                  *
=========================================================================
Analyzing Verilog file "/home/ise/ise/EC1_copy/register_Answer.v" into library work
Parsing module <register_Answer>.
Analyzing Verilog file "/home/ise/ise/EC1_copy/registerB.v" into library work
Parsing module <registerB>.
Analyzing Verilog file "/home/ise/ise/EC1_copy/regAA.v" into library work
Parsing module <regAA>.
Analyzing Verilog file "/home/ise/ise/EC1_copy/Bmux.v" into library work
Parsing module <Bmux>.
Analyzing Verilog file "/home/ise/ise/EC1_copy/Amux.v" into library work
Parsing module <Amux>.
Analyzing Verilog file "/home/ise/ise/EC1_copy/ALUmain.v" into library work
Parsing module <ALUmain>.
Analyzing Verilog file "/home/ise/ise/EC1_copy/instructionset.v" into library work
Parsing module <instructionset>.

=========================================================================
*                            HDL Elaboration                            *
=========================================================================

Elaborating module <instructionset>.

Elaborating module <Amux>.

Elaborating module <Bmux>.

Elaborating module <regAA>.

Elaborating module <registerB>.

Elaborating module <ALUmain>.

Elaborating module <register_Answer>.

=========================================================================
*                           HDL Synthesis                               *
=========================================================================

Synthesizing Unit <instructionset>.
    Related source file is "/home/ise/ise/EC1_copy/instructionset.v".
    Summary:
	no macro.
Unit <instructionset> synthesized.

Synthesizing Unit <Amux>.
    Related source file is "/home/ise/ise/EC1_copy/Amux.v".
    Summary:
	inferred   1 Multiplexer(s).
Unit <Amux> synthesized.

Synthesizing Unit <Bmux>.
    Related source file is "/home/ise/ise/EC1_copy/Bmux.v".
    Summary:
	inferred   1 Multiplexer(s).
Unit <Bmux> synthesized.

Synthesizing Unit <regAA>.
    Related source file is "/home/ise/ise/EC1_copy/regAA.v".
    Found 8-bit register for signal <op>.
    Summary:
	inferred   8 D-type flip-flop(s).
Unit <regAA> synthesized.

Synthesizing Unit <registerB>.
    Related source file is "/home/ise/ise/EC1_copy/registerB.v".
    Found 8-bit register for signal <op>.
    Summary:
	inferred   8 D-type flip-flop(s).
Unit <registerB> synthesized.

Synthesizing Unit <ALUmain>.
    Related source file is "/home/ise/ise/EC1_copy/ALUmain.v".
    Found 8-bit subtractor for signal <A[7]_B[7]_sub_4_OUT[7:0]> created at line 16.
    Found 8-bit adder for signal <A[7]_B[7]_add_1_OUT[7:0]> created at line 12.
    Found 8-bit 4-to-1 multiplexer for signal <op1> created at line 3.
    Summary:
	inferred   1 Adder/Subtractor(s).
	inferred   2 Multiplexer(s).
Unit <ALUmain> synthesized.

Synthesizing Unit <register_Answer>.
    Related source file is "/home/ise/ise/EC1_copy/register_Answer.v".
    Found 8-bit register for signal <op>.
    Summary:
	inferred   8 D-type flip-flop(s).
Unit <register_Answer> synthesized.

=========================================================================
HDL Synthesis Report

Macro Statistics
# Adders/Subtractors                                   : 1
 8-bit addsub                                          : 1
# Registers                                            : 3
 8-bit register                                        : 3
# Multiplexers                                         : 4
 8-bit 2-to-1 multiplexer                              : 4

=========================================================================
INFO:Xst:1767 - HDL ADVISOR - Resource sharing has identified that some arithmetic operations in this design can share the same physical resources for reduced device utilization. For improved clock frequency you may try to disable resource sharing.

=========================================================================
*                       Advanced HDL Synthesis                          *
=========================================================================


=========================================================================
Advanced HDL Synthesis Report

Macro Statistics
# Adders/Subtractors                                   : 1
 8-bit addsub                                          : 1
# Registers                                            : 24
 Flip-Flops                                            : 24
# Multiplexers                                         : 4
 8-bit 2-to-1 multiplexer                              : 4

=========================================================================

=========================================================================
*                         Low Level Synthesis                           *
=========================================================================

Optimizing unit <instructionset> ...

Optimizing unit <ALUmain> ...

Optimizing unit <regAA> ...

Optimizing unit <registerB> ...

Optimizing unit <register_Answer> ...

Mapping all equations...
Building and optimizing final netlist ...
Found area constraint ratio of 100 (+ 5) on block instructionset, actual ratio is 0.

Final Macro Processing ...

=========================================================================
Final Register Report

Macro Statistics
# Registers                                            : 24
 Flip-Flops                                            : 24

=========================================================================

=========================================================================
*                           Partition Report                            *
=========================================================================

Partition Implementation Status
-------------------------------

  No Partitions were found in this design.

-------------------------------

=========================================================================
*                            Design Summary                             *
=========================================================================

Top Level Output File Name         : instructionset.ngc

Primitive and Black Box Usage:
------------------------------
# BELS                             : 50
#      LUT2                        : 3
#      LUT3                        : 24
#      LUT5                        : 8
#      MUXCY                       : 7
#      XORCY                       : 8
# FlipFlops/Latches                : 24
#      FDRE                        : 24
# Clock Buffers                    : 1
#      BUFGP                       : 1
# IO Buffers                       : 32
#      IBUF                        : 24
#      OBUF                        : 8

Device utilization summary:
---------------------------

Selected Device : 7a100tcsg324-3 


Slice Logic Utilization: 
 Number of Slice Registers:              24  out of  126800     0%  
 Number of Slice LUTs:                   35  out of  63400     0%  
    Number used as Logic:                35  out of  63400     0%  

Slice Logic Distribution: 
 Number of LUT Flip Flop pairs used:     35
   Number with an unused Flip Flop:      11  out of     35    31%  
   Number with an unused LUT:             0  out of     35     0%  
   Number of fully used LUT-FF pairs:    24  out of     35    68%  
   Number of unique control sets:         3

IO Utilization: 
 Number of IOs:                          37
 Number of bonded IOBs:                  33  out of    210    15%  

Specific Feature Utilization:
 Number of BUFG/BUFGCTRLs:                1  out of     32     3%  

---------------------------
Partition Resource Summary:
---------------------------

  No Partitions were found in this design.

---------------------------


=========================================================================
Timing Report

NOTE: THESE TIMING NUMBERS ARE ONLY A SYNTHESIS ESTIMATE.
      FOR ACCURATE TIMING INFORMATION PLEASE REFER TO THE TRACE REPORT
      GENERATED AFTER PLACE-and-ROUTE.

Clock Information:
------------------
-----------------------------------+------------------------+-------+
Clock Signal                       | Clock buffer(FF name)  | Load  |
-----------------------------------+------------------------+-------+
Clk                                | BUFGP                  | 24    |
-----------------------------------+------------------------+-------+

Asynchronous Control Signals Information:
----------------------------------------
No asynchronous control signals found in this design

Timing Summary:
---------------
Speed Grade: -3

   Minimum period: 2.103ns (Maximum Frequency: 475.556MHz)
   Minimum input arrival time before clock: 1.945ns
   Maximum output required time after clock: 0.650ns
   Maximum combinational path delay: No path found

Timing Details:
---------------
All values displayed in nanoseconds (ns)

=========================================================================
Timing constraint: Default period analysis for Clock 'Clk'
  Clock period: 2.103ns (frequency: 475.556MHz)
  Total number of paths / destination ports: 132 / 24
-------------------------------------------------------------------------
Delay:               2.103ns (Levels of Logic = 10)
  Source:            regB/op_0 (FF)
  Destination:       regAns/op_7 (FF)
  Source Clock:      Clk rising
  Destination Clock: Clk rising

  Data Path: regB/op_0 to regAns/op_7
                                Gate     Net
    Cell:in->out      fanout   Delay   Delay  Logical Name (Net Name)
    ----------------------------------------  ------------
     FDRE:C->Q             2   0.361   0.383  regB/op_0 (regB/op_0)
     LUT3:I1->O            1   0.097   0.000  ALU/Mmux_op11_rs_lut<0> (ALU/Mmux_op11_rs_lut<0>)
     MUXCY:S->O            1   0.353   0.000  ALU/Mmux_op11_rs_cy<0> (ALU/Mmux_op11_rs_cy<0>)
     MUXCY:CI->O           1   0.023   0.000  ALU/Mmux_op11_rs_cy<1> (ALU/Mmux_op11_rs_cy<1>)
     MUXCY:CI->O           1   0.023   0.000  ALU/Mmux_op11_rs_cy<2> (ALU/Mmux_op11_rs_cy<2>)
     MUXCY:CI->O           1   0.023   0.000  ALU/Mmux_op11_rs_cy<3> (ALU/Mmux_op11_rs_cy<3>)
     MUXCY:CI->O           1   0.023   0.000  ALU/Mmux_op11_rs_cy<4> (ALU/Mmux_op11_rs_cy<4>)
     MUXCY:CI->O           1   0.023   0.000  ALU/Mmux_op11_rs_cy<5> (ALU/Mmux_op11_rs_cy<5>)
     MUXCY:CI->O           0   0.023   0.000  ALU/Mmux_op11_rs_cy<6> (ALU/Mmux_op11_rs_cy<6>)
     XORCY:CI->O           1   0.370   0.295  ALU/Mmux_op11_rs_xor<7> (ALU/Mmux_op11_split<7>)
     LUT5:I4->O            1   0.097   0.000  ALU/Mmux_op1381 (ALUout<7>)
     FDRE:D                    0.008          regAns/op_7
    ----------------------------------------
    Total                      2.103ns (1.424ns logic, 0.679ns route)
                                       (67.7% logic, 32.3% route)

=========================================================================
Timing constraint: Default OFFSET IN BEFORE for Clock 'Clk'
  Total number of paths / destination ports: 164 / 72
-------------------------------------------------------------------------
Offset:              1.945ns (Levels of Logic = 11)
  Source:            select_mode<0> (PAD)
  Destination:       regAns/op_7 (FF)
  Destination Clock: Clk rising

  Data Path: select_mode<0> to regAns/op_7
                                Gate     Net
    Cell:in->out      fanout   Delay   Delay  Logical Name (Net Name)
    ----------------------------------------  ------------
     IBUF:I->O            17   0.001   0.586  select_mode_0_IBUF (select_mode_0_IBUF)
     LUT3:I0->O            1   0.097   0.000  ALU/Mmux_op11_rs_lut<0> (ALU/Mmux_op11_rs_lut<0>)
     MUXCY:S->O            1   0.353   0.000  ALU/Mmux_op11_rs_cy<0> (ALU/Mmux_op11_rs_cy<0>)
     MUXCY:CI->O           1   0.023   0.000  ALU/Mmux_op11_rs_cy<1> (ALU/Mmux_op11_rs_cy<1>)
     MUXCY:CI->O           1   0.023   0.000  ALU/Mmux_op11_rs_cy<2> (ALU/Mmux_op11_rs_cy<2>)
     MUXCY:CI->O           1   0.023   0.000  ALU/Mmux_op11_rs_cy<3> (ALU/Mmux_op11_rs_cy<3>)
     MUXCY:CI->O           1   0.023   0.000  ALU/Mmux_op11_rs_cy<4> (ALU/Mmux_op11_rs_cy<4>)
     MUXCY:CI->O           1   0.023   0.000  ALU/Mmux_op11_rs_cy<5> (ALU/Mmux_op11_rs_cy<5>)
     MUXCY:CI->O           0   0.023   0.000  ALU/Mmux_op11_rs_cy<6> (ALU/Mmux_op11_rs_cy<6>)
     XORCY:CI->O           1   0.370   0.295  ALU/Mmux_op11_rs_xor<7> (ALU/Mmux_op11_split<7>)
     LUT5:I4->O            1   0.097   0.000  ALU/Mmux_op1381 (ALUout<7>)
     FDRE:D                    0.008          regAns/op_7
    ----------------------------------------
    Total                      1.945ns (1.064ns logic, 0.881ns route)
                                       (54.7% logic, 45.3% route)

=========================================================================
Timing constraint: Default OFFSET OUT AFTER for Clock 'Clk'
  Total number of paths / destination ports: 8 / 8
-------------------------------------------------------------------------
Offset:              0.650ns (Levels of Logic = 1)
  Source:            regAns/op_7 (FF)
  Destination:       Output<7> (PAD)
  Source Clock:      Clk rising

  Data Path: regAns/op_7 to Output<7>
                                Gate     Net
    Cell:in->out      fanout   Delay   Delay  Logical Name (Net Name)
    ----------------------------------------  ------------
     FDRE:C->Q             3   0.361   0.289  regAns/op_7 (regAns/op_7)
     OBUF:I->O                 0.000          Output_7_OBUF (Output<7>)
    ----------------------------------------
    Total                      0.650ns (0.361ns logic, 0.289ns route)
                                       (55.5% logic, 44.5% route)

=========================================================================

Cross Clock Domains Report:
--------------------------

Clock to Setup on destination clock Clk
---------------+---------+---------+---------+---------+
               | Src:Rise| Src:Fall| Src:Rise| Src:Fall|
Source Clock   |Dest:Rise|Dest:Rise|Dest:Fall|Dest:Fall|
---------------+---------+---------+---------+---------+
Clk            |    2.103|         |         |         |
---------------+---------+---------+---------+---------+

=========================================================================


Total REAL time to Xst completion: 4.00 secs
Total CPU time to Xst completion: 3.97 secs
 
--> 


Total memory usage is 601312 kilobytes

Number of errors   :    0 (   0 filtered)
Number of warnings :    0 (   0 filtered)
Number of infos    :    1 (   0 filtered)

