Release 14.7 - xst P.20131013 (lin64)
Copyright (c) 1995-2013 Xilinx, Inc.  All rights reserved.
--> 
Parameter TMPDIR set to xst/projnav.tmp


Total REAL time to Xst completion: 0.00 secs
Total CPU time to Xst completion: 0.00 secs
 
--> 
Parameter xsthdpdir set to xst


Total REAL time to Xst completion: 0.00 secs
Total CPU time to Xst completion: 0.00 secs
 
--> 
Reading design: MAIN_EC1.prj

TABLE OF CONTENTS
  1) Synthesis Options Summary
  2) HDL Parsing
  3) HDL Elaboration
  4) HDL Synthesis
       4.1) HDL Synthesis Report
  5) Advanced HDL Synthesis
       5.1) Advanced HDL Synthesis Report
  6) Low Level Synthesis
  7) Partition Report
  8) Design Summary
       8.1) Primitive and Black Box Usage
       8.2) Device utilization summary
       8.3) Partition Resource Summary
       8.4) Timing Report
            8.4.1) Clock Information
            8.4.2) Asynchronous Control Signals Information
            8.4.3) Timing Summary
            8.4.4) Timing Details
            8.4.5) Cross Clock Domains Report


=========================================================================
*                      Synthesis Options Summary                        *
=========================================================================
---- Source Parameters
Input File Name                    : "MAIN_EC1.prj"
Ignore Synthesis Constraint File   : NO

---- Target Parameters
Output File Name                   : "MAIN_EC1"
Output Format                      : NGC
Target Device                      : xc7a100t-3-csg324

---- Source Options
Top Module Name                    : MAIN_EC1
Automatic FSM Extraction           : YES
FSM Encoding Algorithm             : Auto
Safe Implementation                : No
FSM Style                          : LUT
RAM Extraction                     : Yes
RAM Style                          : Auto
ROM Extraction                     : Yes
Shift Register Extraction          : YES
ROM Style                          : Auto
Resource Sharing                   : YES
Asynchronous To Synchronous        : NO
Shift Register Minimum Size        : 2
Use DSP Block                      : Auto
Automatic Register Balancing       : No

---- Target Options
LUT Combining                      : Auto
Reduce Control Sets                : Auto
Add IO Buffers                     : YES
Global Maximum Fanout              : 100000
Add Generic Clock Buffer(BUFG)     : 32
Register Duplication               : YES
Optimize Instantiated Primitives   : NO
Use Clock Enable                   : Auto
Use Synchronous Set                : Auto
Use Synchronous Reset              : Auto
Pack IO Registers into IOBs        : Auto
Equivalent register Removal        : YES

---- General Options
Optimization Goal                  : Speed
Optimization Effort                : 1
Power Reduction                    : NO
Keep Hierarchy                     : No
Netlist Hierarchy                  : As_Optimized
RTL Output                         : Yes
Global Optimization                : AllClockNets
Read Cores                         : YES
Write Timing Constraints           : NO
Cross Clock Analysis               : NO
Hierarchy Separator                : /
Bus Delimiter                      : <>
Case Specifier                     : Maintain
Slice Utilization Ratio            : 100
BRAM Utilization Ratio             : 100
DSP48 Utilization Ratio            : 100
Auto BRAM Packing                  : NO
Slice Utilization Ratio Delta      : 5

=========================================================================


=========================================================================
*                          HDL Parsing                                  *
=========================================================================
Analyzing Verilog file "/home/ise/ise/EC1_copy/ROM.v" into library work
Parsing module <ROM>.
Analyzing Verilog file "/home/ise/ise/EC1_copy/registerA_8bits.v" into library work
Parsing module <registerA_8bits>.
Analyzing Verilog file "/home/ise/ise/EC1_copy/PC.v" into library work
Parsing module <PC>.
Analyzing Verilog file "/home/ise/ise/EC1_copy/mux2to1_4bits.v" into library work
Parsing module <mux2to1_4bits>.
Analyzing Verilog file "/home/ise/ise/EC1_copy/mux2to1.v" into library work
Parsing module <mux2to1>.
Analyzing Verilog file "/home/ise/ise/EC1_copy/IR.v" into library work
Parsing module <IR>.
Analyzing Verilog file "/home/ise/ise/EC1_copy/increment.v" into library work
Parsing module <increment>.
Analyzing Verilog file "/home/ise/ise/EC1_copy/decrement.v" into library work
Parsing module <decrement>.
Analyzing Verilog file "/home/ise/ise/EC1_copy/FSM_EC1.v" into library work
Parsing module <FSM_EC1>.
WARNING:HDLCompiler:751 - "/home/ise/ise/EC1_copy/FSM_EC1.v" Line 17: Redeclaration of ansi port ir75 is not allowed
Analyzing Verilog file "/home/ise/ise/EC1_copy/DATAPATH_EC1.v" into library work
Parsing module <DATAPATH_EC1>.
WARNING:HDLCompiler:751 - "/home/ise/ise/EC1_copy/DATAPATH_EC1.v" Line 19: Redeclaration of ansi port Aneq0 is not allowed
Analyzing Verilog file "/home/ise/ise/EC1_copy/MAIN_EC1.v" into library work
Parsing module <MAIN_EC1>.
WARNING:HDLCompiler:751 - "/home/ise/ise/EC1_copy/MAIN_EC1.v" Line 14: Redeclaration of ansi port state is not allowed

=========================================================================
*                            HDL Elaboration                            *
=========================================================================

Elaborating module <MAIN_EC1>.

Elaborating module <DATAPATH_EC1>.

Elaborating module <mux2to1>.

Elaborating module <registerA_8bits>.

Elaborating module <decrement>.
WARNING:HDLCompiler:413 - "/home/ise/ise/EC1_copy/decrement.v" Line 12: Result of 32-bit expression is truncated to fit in 8-bit target.

Elaborating module <PC>.

Elaborating module <ROM>.
WARNING:HDLCompiler:634 - "/home/ise/ise/EC1_copy/ROM.v" Line 9: Net <rom[15][7]> does not have a driver.

Elaborating module <IR>.

Elaborating module <mux2to1_4bits>.

Elaborating module <increment>.
WARNING:HDLCompiler:413 - "/home/ise/ise/EC1_copy/increment.v" Line 14: Result of 5-bit expression is truncated to fit in 4-bit target.

Elaborating module <FSM_EC1>.

=========================================================================
*                           HDL Synthesis                               *
=========================================================================

Synthesizing Unit <MAIN_EC1>.
    Related source file is "/home/ise/ise/EC1_copy/MAIN_EC1.v".
    Summary:
	no macro.
Unit <MAIN_EC1> synthesized.

Synthesizing Unit <DATAPATH_EC1>.
    Related source file is "/home/ise/ise/EC1_copy/DATAPATH_EC1.v".
WARNING:Xst:737 - Found 1-bit latch for signal <Aneq0>. Latches may be generated from incomplete case or if statements. We do not recommend the use of latches in FPGA/CPLD designs, as they may lead to timing problems.
    Summary:
	inferred   1 Latch(s).
Unit <DATAPATH_EC1> synthesized.

Synthesizing Unit <mux2to1>.
    Related source file is "/home/ise/ise/EC1_copy/mux2to1.v".
    Summary:
	inferred   1 Multiplexer(s).
Unit <mux2to1> synthesized.

Synthesizing Unit <registerA_8bits>.
    Related source file is "/home/ise/ise/EC1_copy/registerA_8bits.v".
    Found 8-bit register for signal <op>.
    Summary:
	inferred   8 D-type flip-flop(s).
Unit <registerA_8bits> synthesized.

Synthesizing Unit <decrement>.
    Related source file is "/home/ise/ise/EC1_copy/decrement.v".
    Found 8-bit subtractor for signal <GND_6_o_GND_6_o_sub_2_OUT<7:0>> created at line 12.
WARNING:Xst:737 - Found 1-bit latch for signal <op<6>>. Latches may be generated from incomplete case or if statements. We do not recommend the use of latches in FPGA/CPLD designs, as they may lead to timing problems.
WARNING:Xst:737 - Found 1-bit latch for signal <op<5>>. Latches may be generated from incomplete case or if statements. We do not recommend the use of latches in FPGA/CPLD designs, as they may lead to timing problems.
WARNING:Xst:737 - Found 1-bit latch for signal <op<4>>. Latches may be generated from incomplete case or if statements. We do not recommend the use of latches in FPGA/CPLD designs, as they may lead to timing problems.
WARNING:Xst:737 - Found 1-bit latch for signal <op<3>>. Latches may be generated from incomplete case or if statements. We do not recommend the use of latches in FPGA/CPLD designs, as they may lead to timing problems.
WARNING:Xst:737 - Found 1-bit latch for signal <op<2>>. Latches may be generated from incomplete case or if statements. We do not recommend the use of latches in FPGA/CPLD designs, as they may lead to timing problems.
WARNING:Xst:737 - Found 1-bit latch for signal <op<1>>. Latches may be generated from incomplete case or if statements. We do not recommend the use of latches in FPGA/CPLD designs, as they may lead to timing problems.
WARNING:Xst:737 - Found 1-bit latch for signal <op<0>>. Latches may be generated from incomplete case or if statements. We do not recommend the use of latches in FPGA/CPLD designs, as they may lead to timing problems.
WARNING:Xst:737 - Found 1-bit latch for signal <op<7>>. Latches may be generated from incomplete case or if statements. We do not recommend the use of latches in FPGA/CPLD designs, as they may lead to timing problems.
    Found 8-bit comparator greater for signal <GND_6_o_ip[7]_LessThan_1_o> created at line 10
    Summary:
	inferred   1 Adder/Subtractor(s).
	inferred   8 Latch(s).
	inferred   1 Comparator(s).
	inferred   8 Multiplexer(s).
Unit <decrement> synthesized.

Synthesizing Unit <PC>.
    Related source file is "/home/ise/ise/EC1_copy/PC.v".
    Register <pcadd> equivalent to <Output> has been removed
    Found 4-bit register for signal <Output>.
    Summary:
	inferred   4 D-type flip-flop(s).
Unit <PC> synthesized.

Synthesizing Unit <ROM>.
    Related source file is "/home/ise/ise/EC1_copy/ROM.v".
WARNING:Xst:653 - Signal <rom<15>> is used but never assigned. This sourceless signal will be automatically connected to value GND.
WARNING:Xst:653 - Signal <rom<14>> is used but never assigned. This sourceless signal will be automatically connected to value GND.
WARNING:Xst:653 - Signal <rom<13>> is used but never assigned. This sourceless signal will be automatically connected to value GND.
WARNING:Xst:653 - Signal <rom<12>> is used but never assigned. This sourceless signal will be automatically connected to value GND.
WARNING:Xst:653 - Signal <rom<11>> is used but never assigned. This sourceless signal will be automatically connected to value GND.
WARNING:Xst:653 - Signal <rom<10>> is used but never assigned. This sourceless signal will be automatically connected to value GND.
WARNING:Xst:653 - Signal <rom<9>> is used but never assigned. This sourceless signal will be automatically connected to value GND.
WARNING:Xst:653 - Signal <rom<8>> is used but never assigned. This sourceless signal will be automatically connected to value GND.
WARNING:Xst:653 - Signal <rom<7>> is used but never assigned. This sourceless signal will be automatically connected to value GND.
WARNING:Xst:653 - Signal <rom<6>> is used but never assigned. This sourceless signal will be automatically connected to value GND.
    Found 8-bit register for signal <Output>.
    Found 16x8-bit Read Only RAM for signal <Address[3]_rom[15][7]_wide_mux_1_OUT>
    WARNING:Xst:2404 -  FFs/Latches <rom<5><6><0:0>> (without init value) have a constant value of 0 in block <ROM>.
    WARNING:Xst:2404 -  FFs/Latches <rom<5><5><6:6>> (without init value) have a constant value of 0 in block <ROM>.
    WARNING:Xst:2404 -  FFs/Latches <rom<5><4><5:5>> (without init value) have a constant value of 0 in block <ROM>.
    WARNING:Xst:2404 -  FFs/Latches <rom<5><3><4:4>> (without init value) have a constant value of 0 in block <ROM>.
    WARNING:Xst:2404 -  FFs/Latches <rom<5><2><3:3>> (without init value) have a constant value of 0 in block <ROM>.
    WARNING:Xst:2404 -  FFs/Latches <rom<5><1><2:2>> (without init value) have a constant value of 0 in block <ROM>.
    WARNING:Xst:2404 -  FFs/Latches <rom<5><0><1:1>> (without init value) have a constant value of 0 in block <ROM>.
    WARNING:Xst:2404 -  FFs/Latches <rom<4><7><0:0>> (without init value) have a constant value of 1 in block <ROM>.
    WARNING:Xst:2404 -  FFs/Latches <rom<4><6><7:7>> (without init value) have a constant value of 1 in block <ROM>.
    WARNING:Xst:2404 -  FFs/Latches <rom<4><5><6:6>> (without init value) have a constant value of 1 in block <ROM>.
    WARNING:Xst:2404 -  FFs/Latches <rom<4><4><5:5>> (without init value) have a constant value of 1 in block <ROM>.
    WARNING:Xst:2404 -  FFs/Latches <rom<4><3><4:4>> (without init value) have a constant value of 1 in block <ROM>.
    WARNING:Xst:2404 -  FFs/Latches <rom<4><2><3:3>> (without init value) have a constant value of 1 in block <ROM>.
    WARNING:Xst:2404 -  FFs/Latches <rom<4><1><2:2>> (without init value) have a constant value of 1 in block <ROM>.
    WARNING:Xst:2404 -  FFs/Latches <rom<4><0><1:1>> (without init value) have a constant value of 1 in block <ROM>.
    WARNING:Xst:2404 -  FFs/Latches <rom<3><7><0:0>> (without init value) have a constant value of 1 in block <ROM>.
    WARNING:Xst:2404 -  FFs/Latches <rom<3><6><7:7>> (without init value) have a constant value of 1 in block <ROM>.
    WARNING:Xst:2404 -  FFs/Latches <rom<3><5><0:0>> (without init value) have a constant value of 0 in block <ROM>.
    WARNING:Xst:2404 -  FFs/Latches <rom<3><4><5:5>> (without init value) have a constant value of 0 in block <ROM>.
    WARNING:Xst:2404 -  FFs/Latches <rom<3><3><4:4>> (without init value) have a constant value of 0 in block <ROM>.
    WARNING:Xst:2404 -  FFs/Latches <rom<3><2><3:3>> (without init value) have a constant value of 0 in block <ROM>.
    WARNING:Xst:2404 -  FFs/Latches <rom<3><1><2:2>> (without init value) have a constant value of 0 in block <ROM>.
    WARNING:Xst:2404 -  FFs/Latches <rom<3><0><6:6>> (without init value) have a constant value of 1 in block <ROM>.
    WARNING:Xst:2404 -  FFs/Latches <rom<2><7><0:0>> (without init value) have a constant value of 1 in block <ROM>.
    WARNING:Xst:2404 -  FFs/Latches <rom<2><6><1:1>> (without init value) have a constant value of 0 in block <ROM>.
    WARNING:Xst:2404 -  FFs/Latches <rom<2><5><7:7>> (without init value) have a constant value of 1 in block <ROM>.
    WARNING:Xst:2404 -  FFs/Latches <rom<2><4><6:6>> (without init value) have a constant value of 0 in block <ROM>.
    WARNING:Xst:2404 -  FFs/Latches <rom<2><3><4:4>> (without init value) have a constant value of 0 in block <ROM>.
    WARNING:Xst:2404 -  FFs/Latches <rom<2><2><3:3>> (without init value) have a constant value of 0 in block <ROM>.
    WARNING:Xst:2404 -  FFs/Latches <rom<2><1><2:2>> (without init value) have a constant value of 0 in block <ROM>.
    WARNING:Xst:2404 -  FFs/Latches <rom<2><0><1:1>> (without init value) have a constant value of 0 in block <ROM>.
    WARNING:Xst:2404 -  FFs/Latches <rom<1><7><5:5>> (without init value) have a constant value of 1 in block <ROM>.
    WARNING:Xst:2404 -  FFs/Latches <rom<1><6><0:0>> (without init value) have a constant value of 0 in block <ROM>.
    WARNING:Xst:2404 -  FFs/Latches <rom<1><5><6:6>> (without init value) have a constant value of 0 in block <ROM>.
    WARNING:Xst:2404 -  FFs/Latches <rom<1><4><5:5>> (without init value) have a constant value of 0 in block <ROM>.
    WARNING:Xst:2404 -  FFs/Latches <rom<1><3><4:4>> (without init value) have a constant value of 0 in block <ROM>.
    WARNING:Xst:2404 -  FFs/Latches <rom<1><2><3:3>> (without init value) have a constant value of 0 in block <ROM>.
    WARNING:Xst:2404 -  FFs/Latches <rom<1><1><2:2>> (without init value) have a constant value of 0 in block <ROM>.
    WARNING:Xst:2404 -  FFs/Latches <rom<1><0><1:1>> (without init value) have a constant value of 0 in block <ROM>.
    WARNING:Xst:2404 -  FFs/Latches <rom<0><7><0:0>> (without init value) have a constant value of 0 in block <ROM>.
    WARNING:Xst:2404 -  FFs/Latches <rom<0><6><7:7>> (without init value) have a constant value of 1 in block <ROM>.
    WARNING:Xst:2404 -  FFs/Latches <rom<0><5><6:6>> (without init value) have a constant value of 1 in block <ROM>.
    WARNING:Xst:2404 -  FFs/Latches <rom<0><4><7:7>> (without init value) have a constant value of 0 in block <ROM>.
    WARNING:Xst:2404 -  FFs/Latches <rom<0><3><4:4>> (without init value) have a constant value of 0 in block <ROM>.
    WARNING:Xst:2404 -  FFs/Latches <rom<0><2><3:3>> (without init value) have a constant value of 0 in block <ROM>.
    WARNING:Xst:2404 -  FFs/Latches <rom<0><1><2:2>> (without init value) have a constant value of 0 in block <ROM>.
    WARNING:Xst:2404 -  FFs/Latches <rom<0><0><1:1>> (without init value) have a constant value of 0 in block <ROM>.
    WARNING:Xst:2404 -  FFs/Latches <rom<5><7><0:0>> (without init value) have a constant value of 0 in block <ROM>.
    Summary:
	inferred   1 RAM(s).
	inferred   8 D-type flip-flop(s).
Unit <ROM> synthesized.

Synthesizing Unit <IR>.
    Related source file is "/home/ise/ise/EC1_copy/IR.v".
    Found 4-bit register for signal <IR4>.
    Found 3-bit register for signal <IR3>.
    Found 8-bit register for signal <IRout>.
    Summary:
	inferred  15 D-type flip-flop(s).
	inferred   3 Multiplexer(s).
Unit <IR> synthesized.

Synthesizing Unit <mux2to1_4bits>.
    Related source file is "/home/ise/ise/EC1_copy/mux2to1_4bits.v".
    Summary:
	inferred   1 Multiplexer(s).
Unit <mux2to1_4bits> synthesized.

Synthesizing Unit <increment>.
    Related source file is "/home/ise/ise/EC1_copy/increment.v".
    Found 4-bit adder for signal <op> created at line 14.
    Summary:
	inferred   1 Adder/Subtractor(s).
Unit <increment> synthesized.

Synthesizing Unit <FSM_EC1>.
    Related source file is "/home/ise/ise/EC1_copy/FSM_EC1.v".
        start = 3'b000
        fetch = 3'b001
        decode = 3'b010
        Input = 3'b011
        Output = 3'b100
        dec = 3'b101
        jnz = 3'b110
        halt = 3'b111
    Found 1-bit register for signal <IRload>.
    Found 1-bit register for signal <PCload>.
    Found 1-bit register for signal <INmux>.
    Found 1-bit register for signal <Aload>.
    Found 1-bit register for signal <JNZmux>.
    Found 1-bit register for signal <Halt>.
    Found 3-bit register for signal <state>.
    Found finite state machine <FSM_0> for signal <state>.
    -----------------------------------------------------------------------
    | States             | 8                                              |
    | Transitions        | 14                                             |
    | Inputs             | 3                                              |
    | Outputs            | 8                                              |
    | Clock              | clk (rising_edge)                              |
    | Reset              | reset (positive)                               |
    | Reset type         | synchronous                                    |
    | Reset State        | 000                                            |
    | Encoding           | auto                                           |
    | Implementation     | LUT                                            |
    -----------------------------------------------------------------------
    Summary:
	inferred   6 D-type flip-flop(s).
	inferred  25 Multiplexer(s).
	inferred   1 Finite State Machine(s).
Unit <FSM_EC1> synthesized.

=========================================================================
HDL Synthesis Report

Macro Statistics
# RAMs                                                 : 1
 16x8-bit single-port Read Only RAM                    : 1
# Adders/Subtractors                                   : 2
 4-bit adder                                           : 1
 8-bit subtractor                                      : 1
# Registers                                            : 12
 1-bit register                                        : 6
 3-bit register                                        : 1
 4-bit register                                        : 2
 8-bit register                                        : 3
# Latches                                              : 9
 1-bit latch                                           : 9
# Comparators                                          : 1
 8-bit comparator greater                              : 1
# Multiplexers                                         : 38
 1-bit 2-to-1 multiplexer                              : 33
 4-bit 2-to-1 multiplexer                              : 1
 8-bit 2-to-1 multiplexer                              : 4
# FSMs                                                 : 1

=========================================================================

=========================================================================
*                       Advanced HDL Synthesis                          *
=========================================================================

INFO:Xst:2261 - The FF/Latch <IR4_0> in Unit <IRinstruction> is equivalent to the following FF/Latch, which will be removed : <IRout_0> 
INFO:Xst:2261 - The FF/Latch <IR4_1> in Unit <IRinstruction> is equivalent to the following FF/Latch, which will be removed : <IRout_1> 
INFO:Xst:2261 - The FF/Latch <IR4_2> in Unit <IRinstruction> is equivalent to the following FF/Latch, which will be removed : <IRout_2> 
INFO:Xst:2261 - The FF/Latch <IR4_3> in Unit <IRinstruction> is equivalent to the following FF/Latch, which will be removed : <IRout_3> 
INFO:Xst:2261 - The FF/Latch <IR3_0> in Unit <IRinstruction> is equivalent to the following FF/Latch, which will be removed : <IRout_5> 
INFO:Xst:2261 - The FF/Latch <IR3_1> in Unit <IRinstruction> is equivalent to the following FF/Latch, which will be removed : <IRout_6> 
INFO:Xst:2261 - The FF/Latch <IR3_2> in Unit <IRinstruction> is equivalent to the following FF/Latch, which will be removed : <IRout_7> 

Synthesizing (advanced) Unit <DATAPATH_EC1>.
The following registers are absorbed into counter <programCounter/Output>: 1 register on signal <programCounter/Output>.
Unit <DATAPATH_EC1> synthesized (advanced).

Synthesizing (advanced) Unit <ROM>.
INFO:Xst:3231 - The small RAM <Mram_Address[3]_rom[15][7]_wide_mux_1_OUT> will be implemented on LUTs in order to maximize performance and save block RAM resources. If you want to force its implementation on block, use option/constraint ram_style.
    -----------------------------------------------------------------------
    | ram_type           | Distributed                         |          |
    -----------------------------------------------------------------------
    | Port A                                                              |
    |     aspect ratio   | 16-word x 8-bit                     |          |
    |     weA            | connected to signal <GND>           | high     |
    |     addrA          | connected to signal <Address>       |          |
    |     diA            | connected to signal <GND>           |          |
    |     doA            | connected to internal node          |          |
    -----------------------------------------------------------------------
Unit <ROM> synthesized (advanced).

=========================================================================
Advanced HDL Synthesis Report

Macro Statistics
# RAMs                                                 : 1
 16x8-bit single-port distributed Read Only RAM        : 1
# Adders/Subtractors                                   : 1
 8-bit subtractor                                      : 1
# Counters                                             : 1
 4-bit up counter                                      : 1
# Registers                                            : 37
 Flip-Flops                                            : 37
# Comparators                                          : 1
 8-bit comparator greater                              : 1
# Multiplexers                                         : 51
 1-bit 2-to-1 multiplexer                              : 49
 8-bit 2-to-1 multiplexer                              : 2
# FSMs                                                 : 1

=========================================================================

=========================================================================
*                         Low Level Synthesis                           *
=========================================================================
INFO:Xst:2261 - The FF/Latch <IR4_0> in Unit <IR> is equivalent to the following FF/Latch, which will be removed : <IRout_0> 
INFO:Xst:2261 - The FF/Latch <IR4_1> in Unit <IR> is equivalent to the following FF/Latch, which will be removed : <IRout_1> 
INFO:Xst:2261 - The FF/Latch <IR4_2> in Unit <IR> is equivalent to the following FF/Latch, which will be removed : <IRout_2> 
INFO:Xst:2261 - The FF/Latch <IR4_3> in Unit <IR> is equivalent to the following FF/Latch, which will be removed : <IRout_3> 
INFO:Xst:2261 - The FF/Latch <IR3_0> in Unit <IR> is equivalent to the following FF/Latch, which will be removed : <IRout_5> 
INFO:Xst:2261 - The FF/Latch <IR3_1> in Unit <IR> is equivalent to the following FF/Latch, which will be removed : <IRout_6> 
INFO:Xst:2261 - The FF/Latch <IR3_2> in Unit <IR> is equivalent to the following FF/Latch, which will be removed : <IRout_7> 
Analyzing FSM <MFsm> for best encoding.
Optimizing FSM <fsm/FSM_0> on signal <state[1:3]> with user encoding.
-------------------
 State | Encoding
-------------------
 000   | 000
 001   | 001
 010   | 010
 011   | 011
 100   | 100
 101   | 101
 110   | 110
 111   | 111
-------------------
WARNING:Xst:2677 - Node <IRout_4> of sequential type is unconnected in block <IR>.
INFO:Xst:2261 - The FF/Latch <Output_1> in Unit <ROM> is equivalent to the following 3 FFs/Latches, which will be removed : <Output_2> <Output_3> <Output_4> 
WARNING:Xst:3001 - This design contains one or more registers or latches with an active
   asynchronous set and asynchronous reset. While this circuit can be built,
   it creates a sub-optimal implementation in terms of area, power and
   performance. For a more optimal implementation Xilinx highly recommends
   one of the following:

          1) Remove either the set or reset from all registers and latches if
             not needed for required functionality
          2) Modify the code in order to produce a synchronous set
             and/or reset (both is preferred)
          3) Use the -async_to_sync option to transform the asynchronous
             set/reset to synchronous operation
             (timing simulation highly recommended when using this option)

  Please refer to http://www.xilinx.com search string "Artix7 asynchronous set/reset" for more details.

  List of register instances with asynchronous set and reset:
    Aneq0 in unit <DATAPATH_EC1>


Optimizing unit <MAIN_EC1> ...

Optimizing unit <DATAPATH_EC1> ...

Optimizing unit <registerA_8bits> ...

Optimizing unit <IR> ...

Optimizing unit <ROM> ...

Optimizing unit <decrement> ...
WARNING:Xst:1294 - Latch <op_6> is equivalent to a wire in block <decrement>.
WARNING:Xst:1294 - Latch <op_7> is equivalent to a wire in block <decrement>.
WARNING:Xst:1294 - Latch <op_5> is equivalent to a wire in block <decrement>.
WARNING:Xst:1294 - Latch <op_4> is equivalent to a wire in block <decrement>.
WARNING:Xst:1294 - Latch <op_3> is equivalent to a wire in block <decrement>.
WARNING:Xst:1294 - Latch <op_2> is equivalent to a wire in block <decrement>.
WARNING:Xst:1294 - Latch <op_1> is equivalent to a wire in block <decrement>.
WARNING:Xst:1294 - Latch <op_0> is equivalent to a wire in block <decrement>.
WARNING:Xst:1294 - Latch <op_6> is equivalent to a wire in block <decrement>.
WARNING:Xst:1294 - Latch <op_7> is equivalent to a wire in block <decrement>.
WARNING:Xst:1294 - Latch <op_5> is equivalent to a wire in block <decrement>.
WARNING:Xst:1294 - Latch <op_4> is equivalent to a wire in block <decrement>.
WARNING:Xst:1294 - Latch <op_3> is equivalent to a wire in block <decrement>.
WARNING:Xst:1294 - Latch <op_2> is equivalent to a wire in block <decrement>.
WARNING:Xst:1294 - Latch <op_1> is equivalent to a wire in block <decrement>.
WARNING:Xst:1294 - Latch <op_0> is equivalent to a wire in block <decrement>.
INFO:Xst:2261 - The FF/Latch <dtp/IRinstruction/IR4_3> in Unit <MAIN_EC1> is equivalent to the following 2 FFs/Latches, which will be removed : <dtp/IRinstruction/IR4_2> <dtp/IRinstruction/IR4_1> 

Mapping all equations...
Building and optimizing final netlist ...
Found area constraint ratio of 100 (+ 5) on block MAIN_EC1, actual ratio is 0.

Final Macro Processing ...

=========================================================================
Final Register Report

Macro Statistics
# Registers                                            : 31
 Flip-Flops                                            : 31

=========================================================================

=========================================================================
*                           Partition Report                            *
=========================================================================

Partition Implementation Status
-------------------------------

  No Partitions were found in this design.

-------------------------------

=========================================================================
*                            Design Summary                             *
=========================================================================

Top Level Output File Name         : MAIN_EC1.ngc

Primitive and Black Box Usage:
------------------------------
# BELS                             : 46
#      GND                         : 1
#      INV                         : 1
#      LUT2                        : 4
#      LUT3                        : 9
#      LUT4                        : 13
#      LUT5                        : 6
#      LUT6                        : 12
# FlipFlops/Latches                : 32
#      FD                          : 11
#      FDR                         : 3
#      FDRE                        : 17
#      LD                          : 1
# Clock Buffers                    : 1
#      BUFGP                       : 1
# IO Buffers                       : 24
#      IBUF                        : 9
#      OBUF                        : 15

Device utilization summary:
---------------------------

Selected Device : 7a100tcsg324-3 


Slice Logic Utilization: 
 Number of Slice Registers:              32  out of  126800     0%  
 Number of Slice LUTs:                   45  out of  63400     0%  
    Number used as Logic:                45  out of  63400     0%  

Slice Logic Distribution: 
 Number of LUT Flip Flop pairs used:     45
   Number with an unused Flip Flop:      13  out of     45    28%  
   Number with an unused LUT:             0  out of     45     0%  
   Number of fully used LUT-FF pairs:    32  out of     45    71%  
   Number of unique control sets:         6

IO Utilization: 
 Number of IOs:                          25
 Number of bonded IOBs:                  25  out of    210    11%  

Specific Feature Utilization:
 Number of BUFG/BUFGCTRLs:                1  out of     32     3%  

---------------------------
Partition Resource Summary:
---------------------------

  No Partitions were found in this design.

---------------------------


=========================================================================
Timing Report

NOTE: THESE TIMING NUMBERS ARE ONLY A SYNTHESIS ESTIMATE.
      FOR ACCURATE TIMING INFORMATION PLEASE REFER TO THE TRACE REPORT
      GENERATED AFTER PLACE-and-ROUTE.

Clock Information:
------------------
-----------------------------------+------------------------+-------+
Clock Signal                       | Clock buffer(FF name)  | Load  |
-----------------------------------+------------------------+-------+
Clock                              | BUFGP                  | 31    |
dtp/Aneq0_G(dtp/Aneq0_G:O)         | NONE(*)(dtp/Aneq0)     | 1     |
-----------------------------------+------------------------+-------+
(*) This 1 clock signal(s) are generated by combinatorial logic,
and XST is not able to identify which are the primary clock signals.
Please use the CLOCK_SIGNAL constraint to specify the clock signal(s) generated by combinatorial logic.
INFO:Xst:2169 - HDL ADVISOR - Some clock signals were not automatically buffered by XST with BUFG/BUFR resources. Please use the buffer_type constraint in order to insert these buffers to the clock signals to help prevent skew problems.

Asynchronous Control Signals Information:
----------------------------------------
No asynchronous control signals found in this design

Timing Summary:
---------------
Speed Grade: -3

   Minimum period: 1.645ns (Maximum Frequency: 608.088MHz)
   Minimum input arrival time before clock: 0.990ns
   Maximum output required time after clock: 0.682ns
   Maximum combinational path delay: No path found

Timing Details:
---------------
All values displayed in nanoseconds (ns)

=========================================================================
Timing constraint: Default period analysis for Clock 'Clock'
  Clock period: 1.645ns (frequency: 608.088MHz)
  Total number of paths / destination ports: 177 / 43
-------------------------------------------------------------------------
Delay:               1.645ns (Levels of Logic = 2)
  Source:            dtp/regA/op_4 (FF)
  Destination:       dtp/regA/op_4 (FF)
  Source Clock:      Clock rising
  Destination Clock: Clock rising

  Data Path: dtp/regA/op_4 to dtp/regA/op_4
                                Gate     Net
    Cell:in->out      fanout   Delay   Delay  Logical Name (Net Name)
    ----------------------------------------  ------------
     FDRE:C->Q             5   0.361   0.702  dtp/regA/op_4 (dtp/regA/op_4)
     LUT5:I0->O            1   0.097   0.379  dtp/muxA/Mmux_op51 (dtp/muxA/Mmux_op5)
     LUT5:I3->O            1   0.097   0.000  dtp/muxA/Mmux_op53 (dtp/Amux<4>)
     FDRE:D                    0.008          dtp/regA/op_4
    ----------------------------------------
    Total                      1.645ns (0.563ns logic, 1.082ns route)
                                       (34.2% logic, 65.8% route)

=========================================================================
Timing constraint: Default OFFSET IN BEFORE for Clock 'Clock'
  Total number of paths / destination ports: 48 / 48
-------------------------------------------------------------------------
Offset:              0.990ns (Levels of Logic = 2)
  Source:            Reset (PAD)
  Destination:       dtp/regA/op_7 (FF)
  Destination Clock: Clock rising

  Data Path: Reset to dtp/regA/op_7
                                Gate     Net
    Cell:in->out      fanout   Delay   Delay  Logical Name (Net Name)
    ----------------------------------------  ------------
     IBUF:I->O            29   0.001   0.486  Reset_IBUF (Reset_IBUF)
     LUT2:I0->O            8   0.097   0.311  dtp/regA/_n0018_inv1 (dtp/regA/_n0018_inv)
     FDRE:CE                   0.095          dtp/regA/op_0
    ----------------------------------------
    Total                      0.990ns (0.193ns logic, 0.797ns route)
                                       (19.5% logic, 80.5% route)

=========================================================================
Timing constraint: Default OFFSET OUT AFTER for Clock 'Clock'
  Total number of paths / destination ports: 15 / 15
-------------------------------------------------------------------------
Offset:              0.682ns (Levels of Logic = 1)
  Source:            fsm/state_FSM_FFd1 (FF)
  Destination:       state<2> (PAD)
  Source Clock:      Clock rising

  Data Path: fsm/state_FSM_FFd1 to state<2>
                                Gate     Net
    Cell:in->out      fanout   Delay   Delay  Logical Name (Net Name)
    ----------------------------------------  ------------
     FD:C->Q              10   0.361   0.321  fsm/state_FSM_FFd1 (fsm/state_FSM_FFd1)
     OBUF:I->O                 0.000          state_2_OBUF (state<2>)
    ----------------------------------------
    Total                      0.682ns (0.361ns logic, 0.321ns route)
                                       (53.0% logic, 47.0% route)

=========================================================================

Cross Clock Domains Report:
--------------------------

Clock to Setup on destination clock Clock
---------------+---------+---------+---------+---------+
               | Src:Rise| Src:Fall| Src:Rise| Src:Fall|
Source Clock   |Dest:Rise|Dest:Rise|Dest:Fall|Dest:Fall|
---------------+---------+---------+---------+---------+
Clock          |    1.645|         |         |         |
dtp/Aneq0_G    |         |    0.872|         |         |
---------------+---------+---------+---------+---------+

Clock to Setup on destination clock dtp/Aneq0_G
---------------+---------+---------+---------+---------+
               | Src:Rise| Src:Fall| Src:Rise| Src:Fall|
Source Clock   |Dest:Rise|Dest:Rise|Dest:Fall|Dest:Fall|
---------------+---------+---------+---------+---------+
Clock          |         |         |    2.006|         |
---------------+---------+---------+---------+---------+

=========================================================================


Total REAL time to Xst completion: 4.00 secs
Total CPU time to Xst completion: 3.28 secs
 
--> 


Total memory usage is 601704 kilobytes

Number of errors   :    0 (   0 filtered)
Number of warnings :   91 (   0 filtered)
Number of infos    :   18 (   0 filtered)

